<?xml version="1.0" encoding="UTF-8"?>
<!-- Generated by org.testng.reporters.JUnitReportReporter -->
<testsuite hostname="LTIN487369" failures="0" tests="9" name="testCases.TC_001_WhereToGo" time="17.918" errors="0" timestamp="2024-04-08T15:54:55 IST" skipped="0">
  <testcase classname="testCases.TC_001_WhereToGo" name="click_where2Go" time="0.280"/>
  <testcase classname="testCases.TC_001_WhereToGo" name="the_user_navigated_to_where2Go_page" time="0.014"/>
  <testcase classname="testCases.TC_001_WhereToGo" name="click_trekkingHotspots" time="6.268"/>
  <testcase classname="testCases.TC_001_WhereToGo" name="the_user_navigated_to_trekDestination" time="0.007"/>
  <testcase classname="testCases.TC_001_WhereToGo" name="selectCity" time="1.415"/>
  <testcase classname="testCases.TC_001_WhereToGo" name="set_Travel_Duration" time="3.026"/>
  <testcase classname="testCases.TC_001_WhereToGo" name="setCity" time="2.522"/>
  <testcase classname="testCases.TC_001_WhereToGo" name="printPlacePrice" time="4.298"/>
  <testcase classname="testCases.TC_001_WhereToGo" name="navigateToHomePage" time="0.088"/>
</testsuite> <!-- testCases.TC_001_WhereToGo -->
