<?xml version="1.0" encoding="UTF-8"?>
<!-- Generated by org.testng.reporters.JUnitReportReporter -->
<testsuite hostname="LTIN487369" failures="0" tests="6" name="testRunner.TestRunner" time="189.296" errors="0" timestamp="2024-04-08T15:54:55 IST" skipped="0">
  <testcase classname="testRunner.TestRunner" name="runScenario" time="19.407"/>
  <testcase classname="testRunner.TestRunner" name="runScenario" time="36.305"/>
  <testcase classname="testRunner.TestRunner" name="runScenario" time="26.891"/>
  <testcase classname="testRunner.TestRunner" name="runScenario" time="23.174"/>
  <testcase classname="testRunner.TestRunner" name="runScenario" time="46.453"/>
  <testcase classname="testRunner.TestRunner" name="runScenario" time="37.066"/>
</testsuite> <!-- testRunner.TestRunner -->
