<?xml version="1.0" encoding="UTF-8"?>
<!-- Generated by org.testng.reporters.JUnitReportReporter -->
<testsuite hostname="LTIN487369" failures="0" tests="8" name="testCases.TC_002__HolidayPackage" time="58.358" errors="0" timestamp="2024-04-08T15:54:55 IST" skipped="0">
  <testcase classname="testCases.TC_002__HolidayPackage" name="navigate_to_HolidayPage" time="0.149"/>
  <testcase classname="testCases.TC_002__HolidayPackage" name="click_opt_Explore_Europe" time="0.579"/>
  <testcase classname="testCases.TC_002__HolidayPackage" name="click_opt_Italy" time="0.087"/>
  <testcase classname="testCases.TC_002__HolidayPackage" name="verifyPage" time="2.546"/>
  <testcase classname="testCases.TC_002__HolidayPackage" name="close_Popup_If_Display" time="10.075"/>
  <testcase classname="testCases.TC_002__HolidayPackage" name="click_opt_AllPackages" time="0.073"/>
  <testcase classname="testCases.TC_002__HolidayPackage" name="select_all_Packages" time="44.732"/>
  <testcase classname="testCases.TC_002__HolidayPackage" name="navigate_to_home_Page" time="0.117"/>
</testsuite> <!-- testCases.TC_002__HolidayPackage -->
